<?xml version="1.0" encoding="UTF-8"?>
<!-- Generated by org.testng.reporters.JUnitXMLReporter -->
<testsuite ignored="3" hostname="DESKTOP-3O166LT" failures="0" tests="6" name="Functional Test" time="0.101" errors="0" timestamp="2022-08-03T12:15:58 GMT-07:00">
  <testcase classname="GroupsPractice.TC1" name="Test2" time="0.016"/>
  <testcase classname="GroupsPractice.TC1" name="Test3" time="0.002"/>
  <testcase classname="GroupsPractice.TC3" name="Test8" time="0.001"/>
  <testcase classname="GroupsPractice.TC3" name="Test9" time="0.003"/>
  <testcase classname="GroupsPractice.TC2" name="Test5" time="0.003"/>
  <testcase classname="GroupsPractice.TC2" name="Test6" time="0.002"/>
  <testcase classname="GroupsPractice.TC1" name="Test1" time="0.0">
    <ignored/>
  </testcase> <!-- Test1 -->
  <testcase classname="GroupsPractice.TC3" name="Test7" time="0.0">
    <ignored/>
  </testcase> <!-- Test7 -->
  <testcase classname="GroupsPractice.TC2" name="Test4" time="0.0">
    <ignored/>
  </testcase> <!-- Test4 -->
</testsuite> <!-- Functional Test -->
