<?xml version="1.0" encoding="UTF-8"?>
<!-- Generated by org.testng.reporters.JUnitXMLReporter -->
<testsuite ignored="0" hostname="DESKTOP-3O166LT" failures="1" tests="1" name="Test" time="11.339" errors="0" timestamp="2022-08-06T12:12:34 GMT-07:00">
  <testcase classname="POM.RegistrationPageTestClass" name="FacebookRegistrationPageTest" time="1.616">
    <failure type="java.lang.AssertionError" message="expected [Facebook already have an account option is not displayed on registration page] but found [Already have an account?]">
      <![CDATA[java.lang.AssertionError: expected [Facebook already have an account option is not displayed on registration page] but found [Already have an account?]
at POM.RegistrationPage.verifyFacebookRegistrationPageAlreadyAccount(RegistrationPage.java:46)
at POM.RegistrationPageTestClass.FacebookRegistrationPageTest(RegistrationPageTestClass.java:39)
at java.base/java.util.ArrayList.forEach(ArrayList.java:1511)
... Removed 31 stack frames]]>
    </failure>
  </testcase> <!-- FacebookRegistrationPageTest -->
</testsuite> <!-- Test -->
