<?xml version="1.0" encoding="UTF-8"?>
<!-- Generated by org.testng.reporters.JUnitXMLReporter -->
<testsuite ignored="0" hostname="DESKTOP-3O166LT" failures="0" tests="6" name="Regression Test" time="0.104" errors="0" timestamp="2022-08-02T10:30:35 GMT-07:00">
  <testcase classname="BeforeAfterTest.TestCase3" name="m1" time="0.008"/>
  <testcase classname="BeforeAfterTest.TestCase3" name="m2" time="0.002"/>
  <testcase classname="BeforeAfterTest.TestCase3" name="m3" time="0.002"/>
  <testcase classname="BeforeAfterTest.TestCase4" name="m4" time="0.002"/>
  <testcase classname="BeforeAfterTest.TestCase4" name="m5" time="0.002"/>
  <testcase classname="BeforeAfterTest.TestCase4" name="m6" time="0.004"/>
</testsuite> <!-- Regression Test -->
