<?xml version="1.0" encoding="UTF-8"?>
<!-- Generated by org.testng.reporters.JUnitXMLReporter -->
<testsuite ignored="0" hostname="DESKTOP-3O166LT" failures="0" tests="6" name="Chrome Cross Browser Test" time="10.714" errors="0" timestamp="2022-08-06T09:05:18 GMT-07:00">
  <testcase classname="CBT.CrossBrowserTesting" name="crossBrowserTesting" time="9.71"/>
  <testcase classname="CBT.CrossBrowserTesting" name="getcurrentURL" time="0.058"/>
  <testcase classname="CBT.CrossBrowserTesting" name="gettitle" time="0.046"/>
  <testcase classname="CBT.CrossBrowserTesting" name="VerifyUsenameField" time="0.317"/>
  <testcase classname="CBT.CrossBrowserTesting" name="VerifyPasswordField" time="0.207"/>
  <testcase classname="CBT.CrossBrowserTesting" name="ClickLoginBtn" time="0.207"/>
</testsuite> <!-- Chrome Cross Browser Test -->
