<?xml version="1.0" encoding="UTF-8"?>
<!-- Generated by org.testng.reporters.JUnitXMLReporter -->
<testsuite ignored="0" hostname="DESKTOP-3O166LT" failures="0" tests="6" name="Cross Browser Test" time="7.88" errors="0" timestamp="2022-08-06T08:17:01 GMT-07:00">
  <testcase classname="CBT.CrossBrowserTesting" name="crossBrowserTesting" time="7.419"/>
  <testcase classname="CBT.CrossBrowserTesting" name="getcurrentURL" time="0.02"/>
  <testcase classname="CBT.CrossBrowserTesting" name="gettitle" time="0.011"/>
  <testcase classname="CBT.CrossBrowserTesting" name="VerifyUsenameField" time="0.147"/>
  <testcase classname="CBT.CrossBrowserTesting" name="VerifyPasswordField" time="0.129"/>
  <testcase classname="CBT.CrossBrowserTesting" name="ClickLoginBtn" time="0.084"/>
</testsuite> <!-- Cross Browser Test -->
