<?xml version="1.0" encoding="UTF-8"?>
<!-- Generated by org.testng.reporters.JUnitXMLReporter -->
<testsuite ignored="0" hostname="DESKTOP-3O166LT" failures="0" tests="6" name="FireFox Cross Browser Test" time="25.438" errors="0" timestamp="2022-08-06T09:05:32 GMT-07:00">
  <testcase classname="CBT.CrossBrowserTesting" name="crossBrowserTesting" time="17.898"/>
  <testcase classname="CBT.CrossBrowserTesting" name="getcurrentURL" time="0.014"/>
  <testcase classname="CBT.CrossBrowserTesting" name="gettitle" time="0.471"/>
  <testcase classname="CBT.CrossBrowserTesting" name="VerifyUsenameField" time="0.53"/>
  <testcase classname="CBT.CrossBrowserTesting" name="VerifyPasswordField" time="0.512"/>
  <testcase classname="CBT.CrossBrowserTesting" name="ClickLoginBtn" time="5.93"/>
</testsuite> <!-- FireFox Cross Browser Test -->
