<?xml version="1.0" encoding="UTF-8"?>
<!-- Generated by org.testng.reporters.JUnitXMLReporter -->
<testsuite ignored="0" hostname="DESKTOP-3O166LT" failures="0" tests="6" name="Functional Test" time="0.103" errors="0" timestamp="2022-08-03T06:18:10 GMT-07:00">
  <testcase classname="BeforeAfterTest.TestCase1" name="m1" time="0.012"/>
  <testcase classname="BeforeAfterTest.TestCase1" name="m2" time="0.002"/>
  <testcase classname="BeforeAfterTest.TestCase1" name="m3" time="0.002"/>
  <testcase classname="BeforeAfterTest.TestCase2" name="m4" time="0.002"/>
  <testcase classname="BeforeAfterTest.TestCase2" name="m5" time="0.001"/>
  <testcase classname="BeforeAfterTest.TestCase2" name="m6" time="0.001"/>
</testsuite> <!-- Functional Test -->
